<?xml version="1.0" encoding="UTF-8"?>
<!-- Generated by org.testng.reporters.JUnitXMLReporter -->
<testsuite ignored="2" hostname="DESKTOP-F4ND7BQ" failures="0" tests="1" name="ChromeTest" time="11.878" errors="0" timestamp="13 May 2021 02:01:07 GMT">
  <testcase classname="com.project.April6PMMavenSelenium.TNG_003" name="amazon" time="5.124"/>
  <testcase classname="com.project.April6PMMavenSelenium.RadioButton1" name="radioButtonTest" time="0.0">
    <ignored/>
  </testcase> <!-- radioButtonTest -->
  <testcase classname="com.project.April6PMMavenSelenium.CheckBox1" name="checkboxTest" time="0.0">
    <ignored/>
  </testcase> <!-- checkboxTest -->
</testsuite> <!-- ChromeTest -->
