<?xml version="1.0" encoding="UTF-8"?>
<testng-results skipped="0" failed="0" ignored="0" total="1" passed="1">
  <reporter-output>
  </reporter-output>
  <suite name="Suite" duration-ms="14718" started-at="2021-05-31T15:19:36Z" finished-at="2021-05-31T15:19:50Z">
    <groups>
      <group name="regression">
        <method signature="TNG_003.amazon()[pri:0, instance:com.project.April6PMMavenSelenium.TNG_003@145eaa29]" name="amazon" class="com.project.April6PMMavenSelenium.TNG_003"/>
      </group> <!-- regression -->
      <group name="sanity">
        <method signature="TNG_003.amazon()[pri:0, instance:com.project.April6PMMavenSelenium.TNG_003@145eaa29]" name="amazon" class="com.project.April6PMMavenSelenium.TNG_003"/>
      </group> <!-- sanity -->
    </groups>
    <test name="Test" duration-ms="14718" started-at="2021-05-31T15:19:36Z" finished-at="2021-05-31T15:19:50Z">
      <class name="com.project.April6PMMavenSelenium.TNG_003">
        <test-method status="PASS" signature="startProcess(java.lang.String)[pri:0, instance:com.project.April6PMMavenSelenium.TNG_003@145eaa29]" name="startProcess" is-config="true" duration-ms="10193" started-at="2021-05-31T15:19:36Z" finished-at="2021-05-31T15:19:46Z">
          <params>
            <param index="0">
              <value>
                <![CDATA[chrome]]>
              </value>
            </param>
          </params>
          <reporter-output>
          </reporter-output>
        </test-method> <!-- startProcess -->
        <test-method status="PASS" signature="amazon()[pri:0, instance:com.project.April6PMMavenSelenium.TNG_003@145eaa29]" name="amazon" duration-ms="3070" started-at="2021-05-31T15:19:46Z" finished-at="2021-05-31T15:19:49Z">
          <reporter-output>
          </reporter-output>
        </test-method> <!-- amazon -->
        <test-method status="PASS" signature="endProcess()[pri:0, instance:com.project.April6PMMavenSelenium.TNG_003@145eaa29]" name="endProcess" is-config="true" duration-ms="1414" started-at="2021-05-31T15:19:49Z" finished-at="2021-05-31T15:19:50Z">
          <reporter-output>
          </reporter-output>
        </test-method> <!-- endProcess -->
      </class> <!-- com.project.April6PMMavenSelenium.TNG_003 -->
    </test> <!-- Test -->
  </suite> <!-- Suite -->
</testng-results>
