<?xml version="1.0" encoding="UTF-8"?>
<testng-results ignored="0" total="1" passed="1" failed="0" skipped="0">
  <reporter-output>
  </reporter-output>
  <suite started-at="2021-05-31T10:42:39Z" name="Suite" finished-at="2021-05-31T10:43:01Z" duration-ms="21777">
    <groups>
      <group name="regression">
        <method signature="TNG_003.amazon()[pri:0, instance:com.project.April6PMMavenSelenium.TNG_003@7ceb3185]" name="amazon" class="com.project.April6PMMavenSelenium.TNG_003"/>
      </group> <!-- regression -->
      <group name="sanity">
        <method signature="TNG_003.amazon()[pri:0, instance:com.project.April6PMMavenSelenium.TNG_003@7ceb3185]" name="amazon" class="com.project.April6PMMavenSelenium.TNG_003"/>
      </group> <!-- sanity -->
    </groups>
    <test started-at="2021-05-31T10:42:39Z" name="Test" finished-at="2021-05-31T10:43:01Z" duration-ms="21777">
      <class name="com.project.April6PMMavenSelenium.TNG_003">
        <test-method is-config="true" signature="startProcess(java.lang.String)[pri:0, instance:com.project.April6PMMavenSelenium.TNG_003@7ceb3185]" started-at="2021-05-31T10:42:39Z" name="startProcess" finished-at="2021-05-31T10:42:55Z" duration-ms="15642" status="PASS">
          <params>
            <param index="0">
              <value>
                <![CDATA[chrome]]>
              </value>
            </param>
          </params>
          <reporter-output>
          </reporter-output>
        </test-method> <!-- startProcess -->
        <test-method signature="amazon()[pri:0, instance:com.project.April6PMMavenSelenium.TNG_003@7ceb3185]" started-at="2021-05-31T10:42:55Z" name="amazon" finished-at="2021-05-31T10:42:59Z" duration-ms="3908" status="PASS">
          <reporter-output>
          </reporter-output>
        </test-method> <!-- amazon -->
        <test-method is-config="true" signature="endProcess()[pri:0, instance:com.project.April6PMMavenSelenium.TNG_003@7ceb3185]" started-at="2021-05-31T10:42:59Z" name="endProcess" finished-at="2021-05-31T10:43:01Z" duration-ms="2200" status="PASS">
          <reporter-output>
          </reporter-output>
        </test-method> <!-- endProcess -->
      </class> <!-- com.project.April6PMMavenSelenium.TNG_003 -->
    </test> <!-- Test -->
  </suite> <!-- Suite -->
</testng-results>
